This is pdfTeX, Version 3.141592653-2.6-1.40.24 (TeX Live 2022) (preloaded format=pdflatex 2023.5.19)  28 JUN 2023 17:14
entering extended mode
 restricted \write18 enabled.
 file:line:error style messages enabled.
 %&-line parsing enabled.
**/home/andrew/MY/TeXLite/CMakeLists.txt
(/home/andrew/MY/TeXLite/CMakeLists.txt
LaTeX2e <2022-06-01> patch level 5
L3 programming layer <2022-12-17>

/home/andrew/MY/TeXLite/CMakeLists.txt:1: LaTeX Error: Missing \begin{document}
.

See the LaTeX manual or LaTeX Companion for explanation.
Type  H <return>  for immediate help.
 ...                                              
                                                  
l.1 c
     make_minimum_required(VERSION 3.16) 
Here is how much of TeX's memory you used:
 18 strings out of 476175
 598 string characters out of 5796294
 1848793 words of memory out of 6000000
 20426 multiletter control sequences out of 15000+600000
 512287 words of font info for 32 fonts, out of 8000000 for 9000
 1137 hyphenation exceptions out of 8191
 13i,0n,12p,107b,14s stack positions out of 10000i,1000n,20000p,200000b,200000s

/home/andrew/MY/TeXLite/CMakeLists.txt:1:  ==> Fatal error occurred, no output 
PDF file produced!
